Determining if the pthread_create exist failed with the following output:
Change Dir: /home/belo/Desktop/minesweeper/minesweeper/CMakeFiles/CMakeTmp

Run Build Command:"/usr/bin/make" "cmTC_ce497/fast"
/usr/bin/make -f CMakeFiles/cmTC_ce497.dir/build.make CMakeFiles/cmTC_ce497.dir/build
make[1]: Entering directory '/home/belo/Desktop/minesweeper/minesweeper/CMakeFiles/CMakeTmp'
Building C object CMakeFiles/cmTC_ce497.dir/CheckSymbolExists.c.o
/usr/bin/cc    -o CMakeFiles/cmTC_ce497.dir/CheckSymbolExists.c.o   -c /home/belo/Desktop/minesweeper/minesweeper/CMakeFiles/CMakeTmp/CheckSymbolExists.c
Linking C executable cmTC_ce497
/usr/bin/cmake -E cmake_link_script CMakeFiles/cmTC_ce497.dir/link.txt --verbose=1
/usr/bin/cc      CMakeFiles/cmTC_ce497.dir/CheckSymbolExists.c.o  -o cmTC_ce497 
CMakeFiles/cmTC_ce497.dir/CheckSymbolExists.c.o: In function `main':
CheckSymbolExists.c:(.text+0x1b): undefined reference to `pthread_create'
collect2: error: ld returned 1 exit status
CMakeFiles/cmTC_ce497.dir/build.make:97: recipe for target 'cmTC_ce497' failed
make[1]: *** [cmTC_ce497] Error 1
make[1]: Leaving directory '/home/belo/Desktop/minesweeper/minesweeper/CMakeFiles/CMakeTmp'
Makefile:126: recipe for target 'cmTC_ce497/fast' failed
make: *** [cmTC_ce497/fast] Error 2

File /home/belo/Desktop/minesweeper/minesweeper/CMakeFiles/CMakeTmp/CheckSymbolExists.c:
/* */
#include <pthread.h>

int main(int argc, char** argv)
{
  (void)argv;
#ifndef pthread_create
  return ((int*)(&pthread_create))[argc];
#else
  (void)argc;
  return 0;
#endif
}

Determining if the function pthread_create exists in the pthreads failed with the following output:
Change Dir: /home/belo/Desktop/minesweeper/minesweeper/CMakeFiles/CMakeTmp

Run Build Command:"/usr/bin/make" "cmTC_20af1/fast"
/usr/bin/make -f CMakeFiles/cmTC_20af1.dir/build.make CMakeFiles/cmTC_20af1.dir/build
make[1]: Entering directory '/home/belo/Desktop/minesweeper/minesweeper/CMakeFiles/CMakeTmp'
Building C object CMakeFiles/cmTC_20af1.dir/CheckFunctionExists.c.o
/usr/bin/cc   -DCHECK_FUNCTION_EXISTS=pthread_create   -o CMakeFiles/cmTC_20af1.dir/CheckFunctionExists.c.o   -c /usr/share/cmake-3.10/Modules/CheckFunctionExists.c
Linking C executable cmTC_20af1
/usr/bin/cmake -E cmake_link_script CMakeFiles/cmTC_20af1.dir/link.txt --verbose=1
/usr/bin/cc  -DCHECK_FUNCTION_EXISTS=pthread_create    CMakeFiles/cmTC_20af1.dir/CheckFunctionExists.c.o  -o cmTC_20af1 -lpthreads 
/usr/bin/ld: cannot find -lpthreads
collect2: error: ld returned 1 exit status
CMakeFiles/cmTC_20af1.dir/build.make:97: recipe for target 'cmTC_20af1' failed
make[1]: *** [cmTC_20af1] Error 1
make[1]: Leaving directory '/home/belo/Desktop/minesweeper/minesweeper/CMakeFiles/CMakeTmp'
Makefile:126: recipe for target 'cmTC_20af1/fast' failed
make: *** [cmTC_20af1/fast] Error 2


